25-Sep-2020 17:08:20.653 INFO [main] org.apache.catalina.startup.VersionLoggerListener.log 서버 버전 이름:        Apache Tomcat/9.0.37
25-Sep-2020 17:08:20.656 INFO [main] org.apache.catalina.startup.VersionLoggerListener.log Server 빌드 시각:          Jun 30 2020 20:09:49 UTC
25-Sep-2020 17:08:20.659 INFO [main] org.apache.catalina.startup.VersionLoggerListener.log Server 버전 번호:         9.0.37.0
25-Sep-2020 17:08:20.660 INFO [main] org.apache.catalina.startup.VersionLoggerListener.log 운영체제 이름:               Windows 10
25-Sep-2020 17:08:20.660 INFO [main] org.apache.catalina.startup.VersionLoggerListener.log 운영체제 버전:            10.0
25-Sep-2020 17:08:20.660 INFO [main] org.apache.catalina.startup.VersionLoggerListener.log 아키텍처:          amd64
25-Sep-2020 17:08:20.660 INFO [main] org.apache.catalina.startup.VersionLoggerListener.log 자바 홈:             c:\program files\java\jdk-14.0.2
25-Sep-2020 17:08:20.660 INFO [main] org.apache.catalina.startup.VersionLoggerListener.log JVM 버전:           14.0.2+12-46
25-Sep-2020 17:08:20.660 INFO [main] org.apache.catalina.startup.VersionLoggerListener.log JVM 벤더:            Oracle Corporation
25-Sep-2020 17:08:20.661 INFO [main] org.apache.catalina.startup.VersionLoggerListener.log CATALINA_BASE:         C:\tomcat 9.0
25-Sep-2020 17:08:20.661 INFO [main] org.apache.catalina.startup.VersionLoggerListener.log CATALINA_HOME:         C:\tomcat 9.0
25-Sep-2020 17:08:20.680 INFO [main] org.apache.catalina.startup.VersionLoggerListener.log 명령 행 아규먼트: --add-opens=java.base/java.lang=ALL-UNNAMED
25-Sep-2020 17:08:20.681 INFO [main] org.apache.catalina.startup.VersionLoggerListener.log 명령 행 아규먼트: --add-opens=java.base/java.io=ALL-UNNAMED
25-Sep-2020 17:08:20.682 INFO [main] org.apache.catalina.startup.VersionLoggerListener.log 명령 행 아규먼트: --add-opens=java.rmi/sun.rmi.transport=ALL-UNNAMED
25-Sep-2020 17:08:20.682 INFO [main] org.apache.catalina.startup.VersionLoggerListener.log 명령 행 아규먼트: -Djava.util.logging.config.file=c:\tomcat 9.0\conf\logging.properties
25-Sep-2020 17:08:20.683 INFO [main] org.apache.catalina.startup.VersionLoggerListener.log 명령 행 아규먼트: -Djava.util.logging.manager=org.apache.juli.ClassLoaderLogManager
25-Sep-2020 17:08:20.684 INFO [main] org.apache.catalina.startup.VersionLoggerListener.log 명령 행 아규먼트: -Djdk.tls.ephemeralDHKeySize=2048
25-Sep-2020 17:08:20.684 INFO [main] org.apache.catalina.startup.VersionLoggerListener.log 명령 행 아규먼트: -Djava.protocol.handler.pkgs=org.apache.catalina.webresources
25-Sep-2020 17:08:20.685 INFO [main] org.apache.catalina.startup.VersionLoggerListener.log 명령 행 아규먼트: -Dignore.endorsed.dirs=
25-Sep-2020 17:08:20.685 INFO [main] org.apache.catalina.startup.VersionLoggerListener.log 명령 행 아규먼트: -Dcatalina.base=c:\tomcat 9.0
25-Sep-2020 17:08:20.686 INFO [main] org.apache.catalina.startup.VersionLoggerListener.log 명령 행 아규먼트: -Dcatalina.home=c:\tomcat 9.0
25-Sep-2020 17:08:20.686 INFO [main] org.apache.catalina.startup.VersionLoggerListener.log 명령 행 아규먼트: -Djava.io.tmpdir=c:\tomcat 9.0\temp
25-Sep-2020 17:08:20.687 INFO [main] org.apache.catalina.core.AprLifecycleListener.lifecycleEvent APR 버전 [1.7.0]을(를) 사용한, APR 기반 Apache Tomcat Native 라이브러리 [1.2.24]을(를) 로드했습니다.
25-Sep-2020 17:08:20.688 INFO [main] org.apache.catalina.core.AprLifecycleListener.lifecycleEvent APR 용량정보들: IPv6 [true], sendfile [true], accept filters [false], random [true].
25-Sep-2020 17:08:20.689 INFO [main] org.apache.catalina.core.AprLifecycleListener.lifecycleEvent APR/OpenSSL 설정: useAprConnector [false], useOpenSSL [true]
25-Sep-2020 17:08:20.696 INFO [main] org.apache.catalina.core.AprLifecycleListener.initializeSSL OpenSSL이 성공적으로 초기화되었습니다: [OpenSSL 1.1.1g  21 Apr 2020]
25-Sep-2020 17:08:20.951 INFO [main] org.apache.coyote.AbstractProtocol.init 프로토콜 핸들러 ["http-nio-8080"]을(를) 초기화합니다.
25-Sep-2020 17:08:21.048 INFO [main] org.apache.catalina.startup.Catalina.load [603] 밀리초 내에 서버가 초기화되었습니다.
25-Sep-2020 17:08:21.094 INFO [main] org.apache.catalina.core.StandardService.startInternal 서비스 [Catalina]을(를) 시작합니다.
25-Sep-2020 17:08:21.096 INFO [main] org.apache.catalina.core.StandardEngine.startInternal 서버 엔진을 시작합니다: [Apache Tomcat/9.0.37]
25-Sep-2020 17:08:21.116 INFO [main] org.apache.catalina.startup.HostConfig.deployWAR 웹 애플리케이션 아카이브 [C:\tomcat 9.0\webapps\FirstProject.war]을(를) 배치합니다.
25-Sep-2020 17:08:21.136 INFO [main] org.apache.catalina.startup.ExpandWar.expand 압축이 풀려진 디렉토리 [C:\tomcat 9.0\webapps\FirstProject]의 최종 변경 시간이, 연관된 WAR의 최종 변경 시간과 부합하지 않습니다. 해당 디렉토리는 삭제될 것입니다.
25-Sep-2020 17:08:21.443 INFO [main] org.apache.catalina.startup.HostConfig.deployWAR 웹 애플리케이션 아카이브 [C:\tomcat 9.0\webapps\FirstProject.war]의 배치가 [324] 밀리초에 완료되었습니다.
25-Sep-2020 17:08:21.446 INFO [main] org.apache.catalina.startup.HostConfig.deployDirectory 웹 애플리케이션 디렉토리 [C:\tomcat 9.0\webapps\docs]을(를) 배치합니다.
25-Sep-2020 17:08:21.478 INFO [main] org.apache.catalina.startup.HostConfig.deployDirectory 웹 애플리케이션 디렉토리 [C:\tomcat 9.0\webapps\docs]에 대한 배치가 [32] 밀리초에 완료되었습니다.
25-Sep-2020 17:08:21.480 INFO [main] org.apache.catalina.startup.HostConfig.deployDirectory 웹 애플리케이션 디렉토리 [C:\tomcat 9.0\webapps\examples]을(를) 배치합니다.
25-Sep-2020 17:08:22.138 INFO [main] org.apache.catalina.startup.HostConfig.deployDirectory 웹 애플리케이션 디렉토리 [C:\tomcat 9.0\webapps\examples]에 대한 배치가 [658] 밀리초에 완료되었습니다.
25-Sep-2020 17:08:22.140 INFO [main] org.apache.catalina.startup.HostConfig.deployDirectory 웹 애플리케이션 디렉토리 [C:\tomcat 9.0\webapps\host-manager]을(를) 배치합니다.
25-Sep-2020 17:08:22.184 INFO [main] org.apache.catalina.startup.HostConfig.deployDirectory 웹 애플리케이션 디렉토리 [C:\tomcat 9.0\webapps\host-manager]에 대한 배치가 [44] 밀리초에 완료되었습니다.
25-Sep-2020 17:08:22.185 INFO [main] org.apache.catalina.startup.HostConfig.deployDirectory 웹 애플리케이션 디렉토리 [C:\tomcat 9.0\webapps\manager]을(를) 배치합니다.
25-Sep-2020 17:08:22.223 INFO [main] org.apache.catalina.startup.HostConfig.deployDirectory 웹 애플리케이션 디렉토리 [C:\tomcat 9.0\webapps\manager]에 대한 배치가 [38] 밀리초에 완료되었습니다.
25-Sep-2020 17:08:22.226 INFO [main] org.apache.catalina.startup.HostConfig.deployDirectory 웹 애플리케이션 디렉토리 [C:\tomcat 9.0\webapps\ROOT]을(를) 배치합니다.
25-Sep-2020 17:08:22.254 INFO [main] org.apache.catalina.startup.HostConfig.deployDirectory 웹 애플리케이션 디렉토리 [C:\tomcat 9.0\webapps\ROOT]에 대한 배치가 [29] 밀리초에 완료되었습니다.
25-Sep-2020 17:08:22.260 INFO [main] org.apache.coyote.AbstractProtocol.start 프로토콜 핸들러 ["http-nio-8080"]을(를) 시작합니다.
25-Sep-2020 17:08:22.268 INFO [main] org.apache.catalina.startup.Catalina.start 서버가 [1215] 밀리초 내에 시작되었습니다.
25-Sep-2020 17:35:21.446 INFO [main] org.apache.catalina.core.StandardServer.await 셧다운 포트를 통해 유효한 셧다운 명령을 받았습니다. 서버 인스턴스를 중지시킵니다.
25-Sep-2020 17:35:21.449 INFO [main] org.apache.coyote.AbstractProtocol.pause 프로토콜 핸들러 ["http-nio-8080"]을(를) 일시 정지 중
25-Sep-2020 17:35:21.472 INFO [main] org.apache.catalina.core.StandardService.stopInternal 서비스 [Catalina]을(를) 중지시킵니다.
25-Sep-2020 17:35:21.508 INFO [main] org.apache.coyote.AbstractProtocol.stop 프로토콜 핸들러 ["http-nio-8080"]을(를) 중지시킵니다.
25-Sep-2020 17:35:21.513 INFO [main] org.apache.coyote.AbstractProtocol.destroy 프로토콜 핸들러 ["http-nio-8080"]을(를) 소멸시킵니다.
