15-Sep-2020 22:39:41.894 INFO [main] org.apache.catalina.startup.VersionLoggerListener.log 서버 버전 이름:        Apache Tomcat/9.0.37
15-Sep-2020 22:39:41.897 INFO [main] org.apache.catalina.startup.VersionLoggerListener.log Server 빌드 시각:          Jun 30 2020 20:09:49 UTC
15-Sep-2020 22:39:41.898 INFO [main] org.apache.catalina.startup.VersionLoggerListener.log Server 버전 번호:         9.0.37.0
15-Sep-2020 22:39:41.898 INFO [main] org.apache.catalina.startup.VersionLoggerListener.log 운영체제 이름:               Windows 10
15-Sep-2020 22:39:41.898 INFO [main] org.apache.catalina.startup.VersionLoggerListener.log 운영체제 버전:            10.0
15-Sep-2020 22:39:41.899 INFO [main] org.apache.catalina.startup.VersionLoggerListener.log 아키텍처:          amd64
15-Sep-2020 22:39:41.899 INFO [main] org.apache.catalina.startup.VersionLoggerListener.log 자바 홈:             c:\program files\java\jdk-14.0.2
15-Sep-2020 22:39:41.899 INFO [main] org.apache.catalina.startup.VersionLoggerListener.log JVM 버전:           14.0.2+12-46
15-Sep-2020 22:39:41.899 INFO [main] org.apache.catalina.startup.VersionLoggerListener.log JVM 벤더:            Oracle Corporation
15-Sep-2020 22:39:41.899 INFO [main] org.apache.catalina.startup.VersionLoggerListener.log CATALINA_BASE:         C:\tomcat 9.0
15-Sep-2020 22:39:41.900 INFO [main] org.apache.catalina.startup.VersionLoggerListener.log CATALINA_HOME:         C:\tomcat 9.0
15-Sep-2020 22:39:41.918 INFO [main] org.apache.catalina.startup.VersionLoggerListener.log 명령 행 아규먼트: --add-opens=java.base/java.lang=ALL-UNNAMED
15-Sep-2020 22:39:41.919 INFO [main] org.apache.catalina.startup.VersionLoggerListener.log 명령 행 아규먼트: --add-opens=java.base/java.io=ALL-UNNAMED
15-Sep-2020 22:39:41.920 INFO [main] org.apache.catalina.startup.VersionLoggerListener.log 명령 행 아규먼트: --add-opens=java.rmi/sun.rmi.transport=ALL-UNNAMED
15-Sep-2020 22:39:41.921 INFO [main] org.apache.catalina.startup.VersionLoggerListener.log 명령 행 아규먼트: -Djava.util.logging.config.file=c:\tomcat 9.0\conf\logging.properties
15-Sep-2020 22:39:41.921 INFO [main] org.apache.catalina.startup.VersionLoggerListener.log 명령 행 아규먼트: -Djava.util.logging.manager=org.apache.juli.ClassLoaderLogManager
15-Sep-2020 22:39:41.922 INFO [main] org.apache.catalina.startup.VersionLoggerListener.log 명령 행 아규먼트: -Djdk.tls.ephemeralDHKeySize=2048
15-Sep-2020 22:39:41.922 INFO [main] org.apache.catalina.startup.VersionLoggerListener.log 명령 행 아규먼트: -Djava.protocol.handler.pkgs=org.apache.catalina.webresources
15-Sep-2020 22:39:41.923 INFO [main] org.apache.catalina.startup.VersionLoggerListener.log 명령 행 아규먼트: -Dignore.endorsed.dirs=
15-Sep-2020 22:39:41.923 INFO [main] org.apache.catalina.startup.VersionLoggerListener.log 명령 행 아규먼트: -Dcatalina.base=c:\tomcat 9.0
15-Sep-2020 22:39:41.924 INFO [main] org.apache.catalina.startup.VersionLoggerListener.log 명령 행 아규먼트: -Dcatalina.home=c:\tomcat 9.0
15-Sep-2020 22:39:41.924 INFO [main] org.apache.catalina.startup.VersionLoggerListener.log 명령 행 아규먼트: -Djava.io.tmpdir=c:\tomcat 9.0\temp
15-Sep-2020 22:39:41.925 INFO [main] org.apache.catalina.core.AprLifecycleListener.lifecycleEvent APR 버전 [1.7.0]을(를) 사용한, APR 기반 Apache Tomcat Native 라이브러리 [1.2.24]을(를) 로드했습니다.
15-Sep-2020 22:39:41.927 INFO [main] org.apache.catalina.core.AprLifecycleListener.lifecycleEvent APR 용량정보들: IPv6 [true], sendfile [true], accept filters [false], random [true].
15-Sep-2020 22:39:41.929 INFO [main] org.apache.catalina.core.AprLifecycleListener.lifecycleEvent APR/OpenSSL 설정: useAprConnector [false], useOpenSSL [true]
15-Sep-2020 22:39:41.944 INFO [main] org.apache.catalina.core.AprLifecycleListener.initializeSSL OpenSSL이 성공적으로 초기화되었습니다: [OpenSSL 1.1.1g  21 Apr 2020]
15-Sep-2020 22:39:42.219 INFO [main] org.apache.coyote.AbstractProtocol.init 프로토콜 핸들러 ["http-nio-8080"]을(를) 초기화합니다.
15-Sep-2020 22:39:42.315 INFO [main] org.apache.catalina.startup.Catalina.load [678] 밀리초 내에 서버가 초기화되었습니다.
15-Sep-2020 22:39:42.356 INFO [main] org.apache.catalina.core.StandardService.startInternal 서비스 [Catalina]을(를) 시작합니다.
15-Sep-2020 22:39:42.358 INFO [main] org.apache.catalina.core.StandardEngine.startInternal 서버 엔진을 시작합니다: [Apache Tomcat/9.0.37]
15-Sep-2020 22:39:42.369 INFO [main] org.apache.catalina.startup.HostConfig.deployDirectory 웹 애플리케이션 디렉토리 [C:\tomcat 9.0\webapps\docs]을(를) 배치합니다.
15-Sep-2020 22:39:42.643 INFO [main] org.apache.catalina.startup.HostConfig.deployDirectory 웹 애플리케이션 디렉토리 [C:\tomcat 9.0\webapps\docs]에 대한 배치가 [272] 밀리초에 완료되었습니다.
15-Sep-2020 22:39:42.645 INFO [main] org.apache.catalina.startup.HostConfig.deployDirectory 웹 애플리케이션 디렉토리 [C:\tomcat 9.0\webapps\examples]을(를) 배치합니다.
15-Sep-2020 22:39:43.272 INFO [main] org.apache.catalina.startup.HostConfig.deployDirectory 웹 애플리케이션 디렉토리 [C:\tomcat 9.0\webapps\examples]에 대한 배치가 [627] 밀리초에 완료되었습니다.
15-Sep-2020 22:39:43.274 INFO [main] org.apache.catalina.startup.HostConfig.deployDirectory 웹 애플리케이션 디렉토리 [C:\tomcat 9.0\webapps\host-manager]을(를) 배치합니다.
15-Sep-2020 22:39:43.315 INFO [main] org.apache.catalina.startup.HostConfig.deployDirectory 웹 애플리케이션 디렉토리 [C:\tomcat 9.0\webapps\host-manager]에 대한 배치가 [41] 밀리초에 완료되었습니다.
15-Sep-2020 22:39:43.319 INFO [main] org.apache.catalina.startup.HostConfig.deployDirectory 웹 애플리케이션 디렉토리 [C:\tomcat 9.0\webapps\manager]을(를) 배치합니다.
15-Sep-2020 22:39:43.353 INFO [main] org.apache.catalina.startup.HostConfig.deployDirectory 웹 애플리케이션 디렉토리 [C:\tomcat 9.0\webapps\manager]에 대한 배치가 [34] 밀리초에 완료되었습니다.
15-Sep-2020 22:39:43.355 INFO [main] org.apache.catalina.startup.HostConfig.deployDirectory 웹 애플리케이션 디렉토리 [C:\tomcat 9.0\webapps\ROOT]을(를) 배치합니다.
15-Sep-2020 22:39:43.382 INFO [main] org.apache.catalina.startup.HostConfig.deployDirectory 웹 애플리케이션 디렉토리 [C:\tomcat 9.0\webapps\ROOT]에 대한 배치가 [27] 밀리초에 완료되었습니다.
15-Sep-2020 22:39:43.388 INFO [main] org.apache.coyote.AbstractProtocol.start 프로토콜 핸들러 ["http-nio-8080"]을(를) 시작합니다.
15-Sep-2020 22:39:43.396 INFO [main] org.apache.catalina.startup.Catalina.start 서버가 [1078] 밀리초 내에 시작되었습니다.
15-Sep-2020 22:39:49.837 INFO [main] org.apache.catalina.core.StandardServer.await 셧다운 포트를 통해 유효한 셧다운 명령을 받았습니다. 서버 인스턴스를 중지시킵니다.
15-Sep-2020 22:39:49.841 INFO [main] org.apache.coyote.AbstractProtocol.pause 프로토콜 핸들러 ["http-nio-8080"]을(를) 일시 정지 중
15-Sep-2020 22:39:49.862 INFO [main] org.apache.catalina.core.StandardService.stopInternal 서비스 [Catalina]을(를) 중지시킵니다.
15-Sep-2020 22:39:49.890 INFO [main] org.apache.coyote.AbstractProtocol.stop 프로토콜 핸들러 ["http-nio-8080"]을(를) 중지시킵니다.
15-Sep-2020 22:39:49.893 INFO [main] org.apache.coyote.AbstractProtocol.destroy 프로토콜 핸들러 ["http-nio-8080"]을(를) 소멸시킵니다.
