02-Sep-2020 02:50:54.527 INFO [main] org.apache.catalina.startup.VersionLoggerListener.log 서버 버전 이름:        Apache Tomcat/9.0.37
02-Sep-2020 02:50:54.529 INFO [main] org.apache.catalina.startup.VersionLoggerListener.log Server 빌드 시각:          Jun 30 2020 20:09:49 UTC
02-Sep-2020 02:50:54.530 INFO [main] org.apache.catalina.startup.VersionLoggerListener.log Server 버전 번호:         9.0.37.0
02-Sep-2020 02:50:54.530 INFO [main] org.apache.catalina.startup.VersionLoggerListener.log 운영체제 이름:               Windows 10
02-Sep-2020 02:50:54.530 INFO [main] org.apache.catalina.startup.VersionLoggerListener.log 운영체제 버전:            10.0
02-Sep-2020 02:50:54.530 INFO [main] org.apache.catalina.startup.VersionLoggerListener.log 아키텍처:          amd64
02-Sep-2020 02:50:54.530 INFO [main] org.apache.catalina.startup.VersionLoggerListener.log 자바 홈:             c:\program files\java\jdk-14.0.2
02-Sep-2020 02:50:54.530 INFO [main] org.apache.catalina.startup.VersionLoggerListener.log JVM 버전:           14.0.2+12-46
02-Sep-2020 02:50:54.530 INFO [main] org.apache.catalina.startup.VersionLoggerListener.log JVM 벤더:            Oracle Corporation
02-Sep-2020 02:50:54.531 INFO [main] org.apache.catalina.startup.VersionLoggerListener.log CATALINA_BASE:         C:\tomcat 9.0
02-Sep-2020 02:50:54.531 INFO [main] org.apache.catalina.startup.VersionLoggerListener.log CATALINA_HOME:         C:\tomcat 9.0
02-Sep-2020 02:50:54.541 INFO [main] org.apache.catalina.startup.VersionLoggerListener.log 명령 행 아규먼트: --add-opens=java.base/java.lang=ALL-UNNAMED
02-Sep-2020 02:50:54.542 INFO [main] org.apache.catalina.startup.VersionLoggerListener.log 명령 행 아규먼트: --add-opens=java.base/java.io=ALL-UNNAMED
02-Sep-2020 02:50:54.542 INFO [main] org.apache.catalina.startup.VersionLoggerListener.log 명령 행 아규먼트: --add-opens=java.rmi/sun.rmi.transport=ALL-UNNAMED
02-Sep-2020 02:50:54.543 INFO [main] org.apache.catalina.startup.VersionLoggerListener.log 명령 행 아규먼트: -Djava.util.logging.config.file=c:\tomcat 9.0\conf\logging.properties
02-Sep-2020 02:50:54.544 INFO [main] org.apache.catalina.startup.VersionLoggerListener.log 명령 행 아규먼트: -Djava.util.logging.manager=org.apache.juli.ClassLoaderLogManager
02-Sep-2020 02:50:54.544 INFO [main] org.apache.catalina.startup.VersionLoggerListener.log 명령 행 아규먼트: -Djdk.tls.ephemeralDHKeySize=2048
02-Sep-2020 02:50:54.545 INFO [main] org.apache.catalina.startup.VersionLoggerListener.log 명령 행 아규먼트: -Djava.protocol.handler.pkgs=org.apache.catalina.webresources
02-Sep-2020 02:50:54.546 INFO [main] org.apache.catalina.startup.VersionLoggerListener.log 명령 행 아규먼트: -Dignore.endorsed.dirs=
02-Sep-2020 02:50:54.546 INFO [main] org.apache.catalina.startup.VersionLoggerListener.log 명령 행 아규먼트: -Dcatalina.base=c:\tomcat 9.0
02-Sep-2020 02:50:54.546 INFO [main] org.apache.catalina.startup.VersionLoggerListener.log 명령 행 아규먼트: -Dcatalina.home=c:\tomcat 9.0
02-Sep-2020 02:50:54.546 INFO [main] org.apache.catalina.startup.VersionLoggerListener.log 명령 행 아규먼트: -Djava.io.tmpdir=c:\tomcat 9.0\temp
02-Sep-2020 02:50:54.547 INFO [main] org.apache.catalina.core.AprLifecycleListener.lifecycleEvent APR 버전 [1.7.0]을(를) 사용한, APR 기반 Apache Tomcat Native 라이브러리 [1.2.24]을(를) 로드했습니다.
02-Sep-2020 02:50:54.547 INFO [main] org.apache.catalina.core.AprLifecycleListener.lifecycleEvent APR 용량정보들: IPv6 [true], sendfile [true], accept filters [false], random [true].
02-Sep-2020 02:50:54.549 INFO [main] org.apache.catalina.core.AprLifecycleListener.lifecycleEvent APR/OpenSSL 설정: useAprConnector [false], useOpenSSL [true]
02-Sep-2020 02:50:54.554 INFO [main] org.apache.catalina.core.AprLifecycleListener.initializeSSL OpenSSL이 성공적으로 초기화되었습니다: [OpenSSL 1.1.1g  21 Apr 2020]
02-Sep-2020 02:50:54.793 INFO [main] org.apache.coyote.AbstractProtocol.init 프로토콜 핸들러 ["http-nio-8080"]을(를) 초기화합니다.
02-Sep-2020 02:50:54.878 INFO [main] org.apache.catalina.startup.Catalina.load [534] 밀리초 내에 서버가 초기화되었습니다.
02-Sep-2020 02:50:54.912 INFO [main] org.apache.catalina.core.StandardService.startInternal 서비스 [Catalina]을(를) 시작합니다.
02-Sep-2020 02:50:54.913 INFO [main] org.apache.catalina.core.StandardEngine.startInternal 서버 엔진을 시작합니다: [Apache Tomcat/9.0.37]
02-Sep-2020 02:50:54.922 INFO [main] org.apache.catalina.startup.HostConfig.deployDirectory 웹 애플리케이션 디렉토리 [C:\tomcat 9.0\webapps\docs]을(를) 배치합니다.
02-Sep-2020 02:50:55.186 INFO [main] org.apache.catalina.startup.HostConfig.deployDirectory 웹 애플리케이션 디렉토리 [C:\tomcat 9.0\webapps\docs]에 대한 배치가 [263] 밀리초에 완료되었습니다.
02-Sep-2020 02:50:55.188 INFO [main] org.apache.catalina.startup.HostConfig.deployDirectory 웹 애플리케이션 디렉토리 [C:\tomcat 9.0\webapps\examples]을(를) 배치합니다.
02-Sep-2020 02:50:55.795 INFO [main] org.apache.catalina.startup.HostConfig.deployDirectory 웹 애플리케이션 디렉토리 [C:\tomcat 9.0\webapps\examples]에 대한 배치가 [608] 밀리초에 완료되었습니다.
02-Sep-2020 02:50:55.796 INFO [main] org.apache.catalina.startup.HostConfig.deployDirectory 웹 애플리케이션 디렉토리 [C:\tomcat 9.0\webapps\host-manager]을(를) 배치합니다.
02-Sep-2020 02:50:55.833 INFO [main] org.apache.catalina.startup.HostConfig.deployDirectory 웹 애플리케이션 디렉토리 [C:\tomcat 9.0\webapps\host-manager]에 대한 배치가 [37] 밀리초에 완료되었습니다.
02-Sep-2020 02:50:55.834 INFO [main] org.apache.catalina.startup.HostConfig.deployDirectory 웹 애플리케이션 디렉토리 [C:\tomcat 9.0\webapps\manager]을(를) 배치합니다.
02-Sep-2020 02:50:55.867 INFO [main] org.apache.catalina.startup.HostConfig.deployDirectory 웹 애플리케이션 디렉토리 [C:\tomcat 9.0\webapps\manager]에 대한 배치가 [32] 밀리초에 완료되었습니다.
02-Sep-2020 02:50:55.868 INFO [main] org.apache.catalina.startup.HostConfig.deployDirectory 웹 애플리케이션 디렉토리 [C:\tomcat 9.0\webapps\ROOT]을(를) 배치합니다.
02-Sep-2020 02:50:55.899 INFO [main] org.apache.catalina.startup.HostConfig.deployDirectory 웹 애플리케이션 디렉토리 [C:\tomcat 9.0\webapps\ROOT]에 대한 배치가 [31] 밀리초에 완료되었습니다.
02-Sep-2020 02:50:55.904 INFO [main] org.apache.coyote.AbstractProtocol.start 프로토콜 핸들러 ["http-nio-8080"]을(를) 시작합니다.
02-Sep-2020 02:50:55.914 INFO [main] org.apache.catalina.startup.Catalina.start 서버가 [1034] 밀리초 내에 시작되었습니다.
02-Sep-2020 02:51:14.735 INFO [main] org.apache.catalina.startup.VersionLoggerListener.log 서버 버전 이름:        Apache Tomcat/9.0.37
02-Sep-2020 02:51:14.738 INFO [main] org.apache.catalina.startup.VersionLoggerListener.log Server 빌드 시각:          Jun 30 2020 20:09:49 UTC
02-Sep-2020 02:51:14.738 INFO [main] org.apache.catalina.startup.VersionLoggerListener.log Server 버전 번호:         9.0.37.0
02-Sep-2020 02:51:14.738 INFO [main] org.apache.catalina.startup.VersionLoggerListener.log 운영체제 이름:               Windows 10
02-Sep-2020 02:51:14.738 INFO [main] org.apache.catalina.startup.VersionLoggerListener.log 운영체제 버전:            10.0
02-Sep-2020 02:51:14.739 INFO [main] org.apache.catalina.startup.VersionLoggerListener.log 아키텍처:          amd64
02-Sep-2020 02:51:14.739 INFO [main] org.apache.catalina.startup.VersionLoggerListener.log 자바 홈:             c:\program files\java\jdk-14.0.2
02-Sep-2020 02:51:14.739 INFO [main] org.apache.catalina.startup.VersionLoggerListener.log JVM 버전:           14.0.2+12-46
02-Sep-2020 02:51:14.739 INFO [main] org.apache.catalina.startup.VersionLoggerListener.log JVM 벤더:            Oracle Corporation
02-Sep-2020 02:51:14.739 INFO [main] org.apache.catalina.startup.VersionLoggerListener.log CATALINA_BASE:         C:\tomcat 9.0
02-Sep-2020 02:51:14.739 INFO [main] org.apache.catalina.startup.VersionLoggerListener.log CATALINA_HOME:         C:\tomcat 9.0
02-Sep-2020 02:51:14.749 INFO [main] org.apache.catalina.startup.VersionLoggerListener.log 명령 행 아규먼트: --add-opens=java.base/java.lang=ALL-UNNAMED
02-Sep-2020 02:51:14.749 INFO [main] org.apache.catalina.startup.VersionLoggerListener.log 명령 행 아규먼트: --add-opens=java.base/java.io=ALL-UNNAMED
02-Sep-2020 02:51:14.750 INFO [main] org.apache.catalina.startup.VersionLoggerListener.log 명령 행 아규먼트: --add-opens=java.rmi/sun.rmi.transport=ALL-UNNAMED
02-Sep-2020 02:51:14.750 INFO [main] org.apache.catalina.startup.VersionLoggerListener.log 명령 행 아규먼트: -Djava.util.logging.config.file=c:\tomcat 9.0\conf\logging.properties
02-Sep-2020 02:51:14.751 INFO [main] org.apache.catalina.startup.VersionLoggerListener.log 명령 행 아규먼트: -Djava.util.logging.manager=org.apache.juli.ClassLoaderLogManager
02-Sep-2020 02:51:14.751 INFO [main] org.apache.catalina.startup.VersionLoggerListener.log 명령 행 아규먼트: -Djdk.tls.ephemeralDHKeySize=2048
02-Sep-2020 02:51:14.752 INFO [main] org.apache.catalina.startup.VersionLoggerListener.log 명령 행 아규먼트: -Djava.protocol.handler.pkgs=org.apache.catalina.webresources
02-Sep-2020 02:51:14.752 INFO [main] org.apache.catalina.startup.VersionLoggerListener.log 명령 행 아규먼트: -Dignore.endorsed.dirs=
02-Sep-2020 02:51:14.753 INFO [main] org.apache.catalina.startup.VersionLoggerListener.log 명령 행 아규먼트: -Dcatalina.base=c:\tomcat 9.0
02-Sep-2020 02:51:14.753 INFO [main] org.apache.catalina.startup.VersionLoggerListener.log 명령 행 아규먼트: -Dcatalina.home=c:\tomcat 9.0
02-Sep-2020 02:51:14.754 INFO [main] org.apache.catalina.startup.VersionLoggerListener.log 명령 행 아규먼트: -Djava.io.tmpdir=c:\tomcat 9.0\temp
02-Sep-2020 02:51:14.754 INFO [main] org.apache.catalina.core.AprLifecycleListener.lifecycleEvent APR 버전 [1.7.0]을(를) 사용한, APR 기반 Apache Tomcat Native 라이브러리 [1.2.24]을(를) 로드했습니다.
02-Sep-2020 02:51:14.755 INFO [main] org.apache.catalina.core.AprLifecycleListener.lifecycleEvent APR 용량정보들: IPv6 [true], sendfile [true], accept filters [false], random [true].
02-Sep-2020 02:51:14.757 INFO [main] org.apache.catalina.core.AprLifecycleListener.lifecycleEvent APR/OpenSSL 설정: useAprConnector [false], useOpenSSL [true]
02-Sep-2020 02:51:14.762 INFO [main] org.apache.catalina.core.AprLifecycleListener.initializeSSL OpenSSL이 성공적으로 초기화되었습니다: [OpenSSL 1.1.1g  21 Apr 2020]
02-Sep-2020 02:51:14.978 INFO [main] org.apache.coyote.AbstractProtocol.init 프로토콜 핸들러 ["http-nio-8080"]을(를) 초기화합니다.
02-Sep-2020 02:51:15.060 INFO [main] org.apache.catalina.startup.Catalina.load [476] 밀리초 내에 서버가 초기화되었습니다.
02-Sep-2020 02:51:15.093 INFO [main] org.apache.catalina.core.StandardService.startInternal 서비스 [Catalina]을(를) 시작합니다.
02-Sep-2020 02:51:15.095 INFO [main] org.apache.catalina.core.StandardEngine.startInternal 서버 엔진을 시작합니다: [Apache Tomcat/9.0.37]
02-Sep-2020 02:51:15.103 INFO [main] org.apache.catalina.startup.HostConfig.deployDirectory 웹 애플리케이션 디렉토리 [C:\tomcat 9.0\webapps\docs]을(를) 배치합니다.
02-Sep-2020 02:51:15.342 INFO [main] org.apache.catalina.startup.HostConfig.deployDirectory 웹 애플리케이션 디렉토리 [C:\tomcat 9.0\webapps\docs]에 대한 배치가 [237] 밀리초에 완료되었습니다.
02-Sep-2020 02:51:15.343 INFO [main] org.apache.catalina.startup.HostConfig.deployDirectory 웹 애플리케이션 디렉토리 [C:\tomcat 9.0\webapps\examples]을(를) 배치합니다.
02-Sep-2020 02:51:15.780 INFO [main] org.apache.catalina.startup.HostConfig.deployDirectory 웹 애플리케이션 디렉토리 [C:\tomcat 9.0\webapps\examples]에 대한 배치가 [437] 밀리초에 완료되었습니다.
02-Sep-2020 02:51:15.781 INFO [main] org.apache.catalina.startup.HostConfig.deployDirectory 웹 애플리케이션 디렉토리 [C:\tomcat 9.0\webapps\host-manager]을(를) 배치합니다.
02-Sep-2020 02:51:15.816 INFO [main] org.apache.catalina.startup.HostConfig.deployDirectory 웹 애플리케이션 디렉토리 [C:\tomcat 9.0\webapps\host-manager]에 대한 배치가 [35] 밀리초에 완료되었습니다.
02-Sep-2020 02:51:15.818 INFO [main] org.apache.catalina.startup.HostConfig.deployDirectory 웹 애플리케이션 디렉토리 [C:\tomcat 9.0\webapps\manager]을(를) 배치합니다.
02-Sep-2020 02:51:15.849 INFO [main] org.apache.catalina.startup.HostConfig.deployDirectory 웹 애플리케이션 디렉토리 [C:\tomcat 9.0\webapps\manager]에 대한 배치가 [31] 밀리초에 완료되었습니다.
02-Sep-2020 02:51:15.851 INFO [main] org.apache.catalina.startup.HostConfig.deployDirectory 웹 애플리케이션 디렉토리 [C:\tomcat 9.0\webapps\ROOT]을(를) 배치합니다.
02-Sep-2020 02:51:15.879 INFO [main] org.apache.catalina.startup.HostConfig.deployDirectory 웹 애플리케이션 디렉토리 [C:\tomcat 9.0\webapps\ROOT]에 대한 배치가 [28] 밀리초에 완료되었습니다.
02-Sep-2020 02:51:15.884 INFO [main] org.apache.coyote.AbstractProtocol.start 프로토콜 핸들러 ["http-nio-8080"]을(를) 시작합니다.
02-Sep-2020 02:51:15.896 INFO [main] org.apache.catalina.startup.Catalina.start 서버가 [834] 밀리초 내에 시작되었습니다.
02-Sep-2020 02:52:08.306 INFO [main] org.apache.catalina.core.StandardServer.await 셧다운 포트를 통해 유효한 셧다운 명령을 받았습니다. 서버 인스턴스를 중지시킵니다.
02-Sep-2020 02:52:08.312 INFO [main] org.apache.coyote.AbstractProtocol.pause 프로토콜 핸들러 ["http-nio-8080"]을(를) 일시 정지 중
02-Sep-2020 02:52:08.335 INFO [main] org.apache.catalina.core.StandardService.stopInternal 서비스 [Catalina]을(를) 중지시킵니다.
02-Sep-2020 02:52:08.360 INFO [main] org.apache.coyote.AbstractProtocol.stop 프로토콜 핸들러 ["http-nio-8080"]을(를) 중지시킵니다.
02-Sep-2020 02:52:08.364 INFO [main] org.apache.coyote.AbstractProtocol.destroy 프로토콜 핸들러 ["http-nio-8080"]을(를) 소멸시킵니다.
